>>> Messages generated by process 24164 on 2025-12-08 08:19:29 HKT for package sci-libs/openblas-0.3.30-r4:

LOG: pretend
This software has a massive number of options that
are configurable and it is *impossible* for all of
those to fit inside any manageable ebuild.
The Gentoo provided package has enough to build
a fully optimized library for your targeted CPU.
You can set the CPU target using the environment
variable - OPENBLAS_TARGET or it will be detected
automatically from the target toolchain (supports
cross compilation toolchains).
You can control the maximum number of threads
using OPENBLAS_NTHREAD, default=64 and number of 
parallel calls to allow before further calls wait
using OPENBLAS_NPARALLEL, default=8.

>>> Messages generated by process 24164 on 2025-12-08 08:19:30 HKT for package media-plugins/grilo-plugins-0.3.18:

WARN: pretend
Ignoring USE=gnome-online-accounts USE does not contain lua

>>> Messages generated by process 24164 on 2025-12-08 09:25:59 HKT for package dev-python/cython-3.1.6:

QA: install
QA Notice: setuptools warnings detected:

	License classifiers are deprecated.

>>> Messages generated by process 24164 on 2025-12-08 09:26:58 HKT for package dev-python/lark-1.3.1:

QA: install
QA Notice: setuptools warnings detected:

	License classifiers are deprecated.
	`project.license` as a TOML table is deprecated

>>> Messages generated by process 24164 on 2025-12-08 09:28:44 HKT for package www-client/google-chrome-143.0.7499.40:

QA: other
QA Notice: This package seems to install metainfo files into the
following location(s):
  /usr/share/appdata
This location is deprecated, it should not be used anymore by new software.
Appdata/Metainfo files should be installed into /usr/share/metainfo directory.
For more details, please see the freedesktop Upstream Metadata guidelines at
https://www.freedesktop.org/software/appstream/docs/chap-Metadata.html
Gentoo Tracker bug: https://bugs.gentoo.org/709450

>>> Messages generated by process 13488 on 2025-12-01 09:04:00 HKT for package sci-libs/openblas-0.3.30-r3:

LOG: pretend
This software has a massive number of options that
are configurable and it is *impossible* for all of
those to fit inside any manageable ebuild.
The Gentoo provided package has enough to build
a fully optimized library for your targeted CPU.
You can set the CPU target using the environment
variable - OPENBLAS_TARGET or it will be detected
automatically from the target toolchain (supports
cross compilation toolchains).
You can control the maximum number of threads
using OPENBLAS_NTHREAD, default=64 and number of 
parallel calls to allow before further calls wait
using OPENBLAS_NPARALLEL, default=8.

>>> Messages generated by process 13488 on 2025-12-01 14:07:24 HKT for package sys-devel/gcc-15.2.1_p20251122:

QA: other
QA Notice: Installing libtool files (.la) without corresponding static libraries!
  /usr/libexec/gcc/x86_64-pc-linux-gnu/15/liblto_plugin.la
QA Notice: Found the following implicit function declarations in configure logs:
  /var/tmp/portage/sys-devel/gcc-15.2.1_p20251122/work/build/x86_64-pc-linux-gnu/libgfortran/config.log:4545 - fpsetmask
  /var/tmp/portage/sys-devel/gcc-15.2.1_p20251122/work/build/x86_64-pc-linux-gnu/32/libgfortran/config.log:4637 - fpsetmask
Check that no features were accidentally disabled.
See https://wiki.gentoo.org/wiki/Modern_C_porting.

>>> Messages generated by process 13488 on 2025-12-01 15:05:18 HKT for package dev-debug/valgrind-3.26.0:

LOG: postinst
Valgrind will not work if libc (e.g. glibc) does not have debug symbols.
To fix this you can add splitdebug to FEATURES in make.conf
and remerge glibc. See:
https://bugs.gentoo.org/214065
https://bugs.gentoo.org/274771
https://bugs.gentoo.org/388703

>>> Messages generated by process 13488 on 2025-12-01 15:07:26 HKT for package sys-kernel/gentoo-sources-6.12.58:

LOG: postinst
If you are upgrading from a previous kernel, you may be interested
in the following document:
  - General upgrade guide: https://wiki.gentoo.org/wiki/Kernel/Upgrade
Install additional packages for optional runtime features:
  sys-kernel/installkernel for versioned kernel image installation and optionally automating tasks such as generating an initramfs or unified kernel image

>>> Messages generated by process 13488 on 2025-12-01 15:24:35 HKT for package dev-python/setuptools-scm-9.2.2:

QA: install
QA Notice: setuptools warnings detected:

	License classifiers are deprecated.
	`project.license` as a TOML table is deprecated

>>> Messages generated by process 13488 on 2025-12-01 15:24:55 HKT for package dev-python/charset-normalizer-3.4.4:

QA: install
QA Notice: setuptools warnings detected:

	`project.license` as a TOML table is deprecated

>>> Messages generated by process 13488 on 2025-12-01 15:25:46 HKT for package dev-python/websocket-client-1.9.0:

QA: install
QA Notice: setuptools warnings detected:

	License classifiers are deprecated.
	Unknown distribution option: 'test_suite'
	Unknown distribution option: 'tests_require'

>>> Messages generated by process 13488 on 2025-12-01 16:14:37 HKT for package sci-libs/flexiblas-3.5.0:

QA: prepare
QA Notice: Compatibility with CMake < 3.5 has been removed from CMake 4,
sci-libs/flexiblas will fail to build w/o a fix.
See also tracker bug #951350; check existing or file a new bug for this package.
Please also take it upstream.
The following files are causing errors:
  contributed/lapacke-3.6.1/mangling/CMakeLists.txt:2.8.7
  contributed/lapack-3.9.1/INSTALL/CMakeLists.txt:3.2
  contributed/lapacke-3.11.0/mangling/CMakeLists.txt:3.2
  contributed/lapacke-3.9.1/mangling/CMakeLists.txt:3.2
  contributed/lapacke-3.10.1/mangling/CMakeLists.txt:3.2
  contributed/lapack-3.11.0/INSTALL/CMakeLists.txt:3.2
  contributed/lapacke-3.8.0/mangling/CMakeLists.txt:2.8.7
  contributed/lapack-3.10.1/INSTALL/CMakeLists.txt:3.2
  contributed/lapacke-3.9.0/mangling/CMakeLists.txt:2.8.7
  contributed/lapacke-3.7.0/mangling/CMakeLists.txt:2.8.7
  contributed/lapack-3.10.0/INSTALL/CMakeLists.txt:3.2
  contributed/lapacke-3.10.0/mangling/CMakeLists.txt:3.2
  contributed/lapacke-3.6.0/mangling/CMakeLists.txt:2.8.7
Compatibility with CMake < 3.10 will be removed in a future release.
See also tracker bug #964405; check existing or file a new bug for this package.
If not fixed in upstream's code repository, we should make sure they are aware.
The following files are causing warnings:
  contributed/lapack-3.9.1/CMakeLists.txt:3.9
  contributed/lapacke-3.12.0/mangling/CMakeLists.txt:3.6
  contributed/lapack-3.6.1/CMakeLists.txt:3.9
  contributed/lapack-3.6.1/INSTALL/CMakeLists.txt:3.5
  contributed/lapack-3.11.0/CMakeLists.txt:3.9
  contributed/lapack-3.9.0/CMakeLists.txt:3.9
  contributed/lapack-3.9.0/INSTALL/CMakeLists.txt:3.5
  contributed/lapack-3.10.1/CMakeLists.txt:3.9
  contributed/lapack-3.7.0/CMakeLists.txt:3.9
  contributed/lapack-3.7.0/INSTALL/CMakeLists.txt:3.5
  contributed/lapack-3.8.0/CMakeLists.txt:3.9
  contributed/lapack-3.8.0/INSTALL/CMakeLists.txt:3.5
  contributed/lapack-3.10.0/CMakeLists.txt:3.9
  contributed/lapack-3.12.0/CMakeLists.txt:3.9
  contributed/lapack-3.12.0/INSTALL/CMakeLists.txt:3.5
  tools/backend_builder/CMakeLists.txt:3.5
  libcscutils/contrib/lua/CMakeLists.txt:3.5
CMake 4 detected; building with -DCMAKE_POLICY_VERSION_MINIMUM=3.5
This is merely a workaround to avoid CMake Error and *not* a permanent fix;
there may be new build or runtime bugs as a result.
An upstreamable patch should take any resulting CMake policy changes
into account. See also:
  https://cmake.org/cmake/help/latest/manual/cmake-policies.7.html
QA: other
QA Notice: One or more CMake variables were not used by the project:
  BlisOpenMP64
  BlisPThread64
  BlisSerial64
  OpenBLASOpenMP64
  OpenBLASPThread64
  OpenBLASSerial64
  blis_LIBRARY

>>> Messages generated by process 13488 on 2025-12-01 16:53:55 HKT for package media-video/pipewire-1.4.9-r1:

WARN: postinst
Please restart KWin/Mutter after upgrading PipeWire.
Screencasting may not work until you do.
USE=sound-server is disabled! If you want PipeWire to provide
your sound, please enable it. See the wiki at
https://wiki.gentoo.org/wiki/PipeWire#Replacing_PulseAudio
for more details.
LOG: postinst
For latest tips and tricks, troubleshooting information, and documentation
in general, please refer to https://wiki.gentoo.org/wiki/PipeWire
The following can be installed for optional runtime features:
  sys-auth/rtkit for restricted realtime capabilities via D-Bus

